<?xml version="1.0" encoding="utf-8"?><testsuites name="pytest tests"><testsuite name="pytest" errors="0" failures="0" skipped="0" tests="4" time="11.881" timestamp="2026-07-30T11:42:36.129830+00:00" hostname="agent-env-c98544f4-ff54-4616-a865-64211e67d4ec"><testcase classname="test_iter6_ai_voice" name="test_ai_providers_returns_exactly_4" time="0.613" /><testcase classname="test_iter6_ai_voice" name="test_azure_token_endpoint" time="1.564" /><testcase classname="test_iter6_ai_voice" name="test_voice_oath_transcribes_and_matches" time="3.458" /><testcase classname="test_iter6_ai_voice" name="test_voice_oath_locks_after_5_failures" time="6.234" /></testsuite></testsuites>