<?xml version="1.0" encoding="utf-8"?><testsuites name="pytest tests"><testsuite name="pytest" errors="0" failures="0" skipped="0" tests="4" time="4.631" timestamp="2026-08-21T12:11:48.867186+00:00" hostname="agent-env-c98544f4-ff54-4616-a865-64211e67d4ec"><testcase classname="backend.tests.test_iter15_docintel_signedpdf.TestUnsignedSignedPdf" name="test_create_unsigned_and_get_signed_pdf_returns_valid_pdf" time="0.982" /><testcase classname="backend.tests.test_iter15_docintel_signedpdf.TestDocIntelIngestAndRag" name="test_ingest_text_pdf_pymupdf" time="0.792" /><testcase classname="backend.tests.test_iter15_docintel_signedpdf.TestDocIntelIngestAndRag" name="test_rag_chat_references_document" time="1.032" /><testcase classname="backend.tests.test_iter15_docintel_signedpdf.TestArtifactExports" name="test_generate_artifact_then_export_docx_and_html" time="1.801" /></testsuite></testsuites>