<?xml version="1.0" encoding="utf-8"?><testsuites name="pytest tests"><testsuite name="pytest" errors="0" failures="0" skipped="0" tests="15" time="25.657" timestamp="2026-07-30T16:52:36.121098+00:00" hostname="agent-env-c98544f4-ff54-4616-a865-64211e67d4ec"><testcase classname="backend.tests.test_phase456_endpoints.TestDownloadsBaseline" name="test_list_downloads_ok" time="0.637" /><testcase classname="backend.tests.test_phase456_endpoints.TestAnswerPaper" name="test_create_answer_paper" time="4.073" /><testcase classname="backend.tests.test_phase456_endpoints.TestAnswerPaper" name="test_list_answer_papers_contains_new" time="0.145" /><testcase classname="backend.tests.test_phase456_endpoints.TestAnswerPaper" name="test_answer_paper_pdf_via_query_token" time="0.138" /><testcase classname="backend.tests.test_phase456_endpoints.TestAnswerPaper" name="test_answer_paper_registered_in_downloads" time="1.125" /><testcase classname="backend.tests.test_phase456_endpoints.TestQuestionPaperPdfQueryToken" name="test_create_question_paper_minimal" time="16.693" /><testcase classname="backend.tests.test_phase456_endpoints.TestQuestionPaperPdfQueryToken" name="test_qp_pdf_via_query_token" time="0.137" /><testcase classname="backend.tests.test_phase456_endpoints.TestQuestionPaperPdfQueryToken" name="test_qp_registered_in_downloads" time="1.121" /><testcase classname="backend.tests.test_phase456_endpoints.TestDownloadsCRUD" name="test_pick_a_download_for_crud" time="0.106" /><testcase classname="backend.tests.test_phase456_endpoints.TestDownloadsCRUD" name="test_rename" time="0.275" /><testcase classname="backend.tests.test_phase456_endpoints.TestDownloadsCRUD" name="test_file_download_query_token" time="0.213" /><testcase classname="backend.tests.test_phase456_endpoints.TestDownloadsCRUD" name="test_delete" time="0.377" /><testcase classname="backend.tests.test_phase456_endpoints.TestFaceDetect" name="test_face_detect_empty" time="0.109" /><testcase classname="backend.tests.test_phase456_endpoints.TestFaceDetect" name="test_face_detect_invalid_but_long" time="0.279" /><testcase classname="backend.tests.test_phase456_endpoints.TestFaceDetect" name="test_face_detect_requires_auth" time="0.193" /></testsuite></testsuites>