<?xml version="1.0" encoding="utf-8"?><testsuites name="pytest tests"><testsuite name="pytest" errors="0" failures="0" skipped="0" tests="8" time="21.059" timestamp="2026-08-09T10:05:41.117395+00:00" hostname="agent-env-c98544f4-ff54-4616-a865-64211e67d4ec"><testcase classname="backend.tests.test_iter13_templates_nda_regression.TestAIGenerateTemplate" name="test_generate_investor_nda_dated" time="10.763" /><testcase classname="backend.tests.test_iter13_templates_nda_regression.TestAIGenerateTemplate" name="test_generate_academic_generic_dated" time="8.840" /><testcase classname="backend.tests.test_iter13_templates_nda_regression.TestNewEndpointsSpot" name="test_pdf_pages" time="0.428" /><testcase classname="backend.tests.test_iter13_templates_nda_regression.TestNewEndpointsSpot" name="test_scanner_annotate" time="0.123" /><testcase classname="backend.tests.test_iter13_templates_nda_regression.TestNewEndpointsSpot" name="test_scanner_sign_image" time="0.099" /><testcase classname="backend.tests.test_iter13_templates_nda_regression.TestNdaE2ERegression" name="test_alice_create_secure_nda" time="0.096" /><testcase classname="backend.tests.test_iter13_templates_nda_regression.TestNdaE2ERegression" name="test_bob_receives_and_signs" time="0.513" /><testcase classname="backend.tests.test_iter13_templates_nda_regression.TestNdaE2ERegression" name="test_signed_pdf_nonzero_with_signatures" time="0.110" /></testsuite></testsuites>