<?xml version="1.0" encoding="utf-8"?><testsuites name="pytest tests"><testsuite name="pytest" errors="0" failures="0" skipped="0" tests="3" time="10.877" timestamp="2026-07-31T06:58:55.166734+00:00" hostname="agent-env-c98544f4-ff54-4616-a865-64211e67d4ec"><testcase classname="test_phase457_v2.TestAnswerPaper" name="test_create_answer_paper" time="0.434" /><testcase classname="test_phase457_v2.TestAnswerPaper" name="test_answer_paper_ready" time="10.223" /><testcase classname="test_phase457_v2.TestAnswerPaper" name="test_answer_paper_pdf_and_downloads" time="0.208" /></testsuite></testsuites>