<?xml version="1.0" encoding="utf-8"?><testsuites name="pytest tests"><testsuite name="pytest" errors="0" failures="0" skipped="0" tests="9" time="25.909" timestamp="2026-08-21T11:08:57.624730+00:00" hostname="agent-env-c98544f4-ff54-4616-a865-64211e67d4ec"><testcase classname="tests.test_iter14_droit_voice_delete.TestDroitArtifact" name="test_generate_document_returns_artifact" time="1.600" /><testcase classname="tests.test_iter14_droit_voice_delete.TestDroitArtifact" name="test_download_file_returns_valid_pdf" time="0.106" /><testcase classname="tests.test_iter14_droit_voice_delete.TestDroitSend" name="test_send_to_bob_via_chat" time="14.046" /><testcase classname="tests.test_iter14_droit_voice_delete.TestDroitSend" name="test_bob_received_the_document" time="1.226" /><testcase classname="tests.test_iter14_droit_voice_delete.TestDeleteDocument" name="test_non_sender_gets_403" time="0.215" /><testcase classname="tests.test_iter14_droit_voice_delete.TestDeleteDocument" name="test_sender_can_delete" time="0.254" /><testcase classname="tests.test_iter14_droit_voice_delete.TestDownloadsImport" name="test_import_image_becomes_pdf" time="0.284" /><testcase classname="tests.test_iter14_droit_voice_delete.TestViewerExplain" name="test_explain_labeled_bbox" time="7.654" /><testcase classname="tests.test_iter14_droit_voice_delete.TestVoiceSay" name="test_voice_say_returns_audio" time="0.496" /></testsuite></testsuites>