<?xml version="1.0" encoding="utf-8"?><testsuites name="pytest tests"><testsuite name="pytest" errors="0" failures="0" skipped="0" tests="10" time="19.279" timestamp="2026-08-09T07:51:48.106041+00:00" hostname="agent-env-c98544f4-ff54-4616-a865-64211e67d4ec"><testcase classname="backend.tests.test_iter11_editor_ocr_filetools.TestAuth401" name="test_bad_token_returns_401" time="0.109" /><testcase classname="backend.tests.test_iter11_editor_ocr_filetools.TestAuth401" name="test_no_token_returns_401_on_protected_route" time="0.091" /><testcase classname="backend.tests.test_iter11_editor_ocr_filetools.TestEditorAI" name="test_editor_suggest_returns_suggestion" time="5.616" /><testcase classname="backend.tests.test_iter11_editor_ocr_filetools.TestEditorAI" name="test_editor_ai_command_modifies_html" time="7.964" /><testcase classname="backend.tests.test_iter11_editor_ocr_filetools.TestOcr" name="test_ocr_extract_with_small_image" time="2.153" /><testcase classname="backend.tests.test_iter11_editor_ocr_filetools.TestOcr" name="test_ocr_extract_rejects_bad_extension" time="0.118" /><testcase classname="backend.tests.test_iter11_editor_ocr_filetools.TestOcr" name="test_ocr_extract_pdf_text_layer" time="2.486" /><testcase classname="backend.tests.test_iter11_editor_ocr_filetools.TestFileToolsProtectUnlock" name="test_protect_then_unlock_roundtrip" time="0.372" /><testcase classname="backend.tests.test_iter11_editor_ocr_filetools.TestEditorExport" name="test_export_pdf_returns_valid_nonzero" time="0.110" /><testcase classname="backend.tests.test_iter11_editor_ocr_filetools.TestSignedPdfRegression" name="test_signed_pdf_endpoint" time="0.243" /></testsuite></testsuites>