<?xml version="1.0" encoding="utf-8"?><testsuites name="pytest tests"><testsuite name="pytest" errors="0" failures="0" skipped="0" tests="14" time="7.205" timestamp="2026-08-09T09:14:31.104106+00:00" hostname="agent-env-c98544f4-ff54-4616-a865-64211e67d4ec"><testcase classname="backend.tests.test_iter12_scanner_signpdf.TestScannerDetectApply" name="test_scanner_detect_finds_quad" time="0.654" /><testcase classname="backend.tests.test_iter12_scanner_signpdf.TestScannerDetectApply" name="test_scanner_detect_no_quad_still_returns_default" time="0.092" /><testcase classname="backend.tests.test_iter12_scanner_signpdf.TestScannerDetectApply" name="test_scanner_apply_color_filter_no_corners" time="0.201" /><testcase classname="backend.tests.test_iter12_scanner_signpdf.TestScannerDetectApply" name="test_scanner_apply_bw_rotate_with_corners" time="0.105" /><testcase classname="backend.tests.test_iter12_scanner_signpdf.TestScannerDetectApply" name="test_scanner_apply_original_filter" time="0.123" /><testcase classname="backend.tests.test_iter12_scanner_signpdf.TestScannerDetectApply" name="test_scanner_endpoints_require_auth" time="0.218" /><testcase classname="backend.tests.test_iter12_scanner_signpdf.TestSignPdfRoundtrip" name="test_sign_prepare_returns_pages" time="0.335" /><testcase classname="backend.tests.test_iter12_scanner_signpdf.TestSignPdfRoundtrip" name="test_sign_apply_draw_embeds_signature_and_creates_download" time="0.370" /><testcase classname="backend.tests.test_iter12_scanner_signpdf.TestSignPdfRoundtrip" name="test_sign_apply_type_mode" time="0.336" /><testcase classname="backend.tests.test_iter12_scanner_signpdf.TestSignPdfRoundtrip" name="test_sign_apply_bad_session" time="0.093" /><testcase classname="backend.tests.test_iter12_scanner_signpdf.TestSignPdfRoundtrip" name="test_sign_prepare_rejects_encrypted_pdf" time="0.128" /><testcase classname="backend.tests.test_iter12_scanner_signpdf.TestIter11Regression" name="test_editor_suggest_still_works" time="0.102" /><testcase classname="backend.tests.test_iter12_scanner_signpdf.TestIter11Regression" name="test_ocr_extract_pdf_text_layer_regression" time="4.026" /><testcase classname="backend.tests.test_iter12_scanner_signpdf.TestIter11Regression" name="test_protect_unlock_roundtrip_regression" time="0.373" /></testsuite></testsuites>