<?xml version="1.0" encoding="utf-8"?><testsuites name="pytest tests"><testsuite name="pytest" errors="0" failures="0" skipped="0" tests="14" time="94.092" timestamp="2026-07-31T07:00:45.824744+00:00" hostname="agent-env-c98544f4-ff54-4616-a865-64211e67d4ec"><testcase classname="test_phase457_v2.TestQPOptions" name="test_qp_options_shape" time="0.552" /><testcase classname="test_phase457_v2.TestQPGenerationFlow" name="test_create_returns_generating" time="0.102" /><testcase classname="test_phase457_v2.TestQPGenerationFlow" name="test_poll_updates_progress" time="61.201" /><testcase classname="test_phase457_v2.TestQPReadyOperations" name="test_preseeded_ready" time="0.216" /><testcase classname="test_phase457_v2.TestQPReadyOperations" name="test_pdf_download" time="0.374" /><testcase classname="test_phase457_v2.TestQPReadyOperations" name="test_downloads_contains_qp" time="0.091" /><testcase classname="test_phase457_v2.TestQPReadyOperations" name="test_regenerate_q1" time="10.304" /><testcase classname="test_phase457_v2.TestQPReadyOperations" name="test_new_set" time="0.186" /><testcase classname="test_phase457_v2.TestAnswerPaper" name="test_create_answer_paper" time="0.110" /><testcase classname="test_phase457_v2.TestAnswerPaper" name="test_answer_paper_ready" time="20.389" /><testcase classname="test_phase457_v2.TestAnswerPaper" name="test_answer_paper_pdf_and_downloads" time="0.189" /><testcase classname="test_phase457_v2.TestEditorImport" name="test_import_txt" time="0.101" /><testcase classname="test_phase457_v2.TestEditorImport" name="test_import_docx" time="0.168" /><testcase classname="test_phase457_v2.TestEditorImport" name="test_import_invalid_ext" time="0.091" /></testsuite></testsuites>