<?xml version="1.0" encoding="utf-8"?><testsuites name="pytest tests"><testsuite name="pytest" errors="0" failures="0" skipped="0" tests="4" time="11.353" timestamp="2026-07-30T11:07:11.501072+00:00" hostname="agent-env-c98544f4-ff54-4616-a865-64211e67d4ec"><testcase classname="test_iter6_ai_voice" name="test_ai_providers_returns_exactly_4" time="0.473" /><testcase classname="test_iter6_ai_voice" name="test_azure_token_endpoint" time="1.590" /><testcase classname="test_iter6_ai_voice" name="test_voice_oath_transcribes_and_matches" time="3.110" /><testcase classname="test_iter6_ai_voice" name="test_voice_oath_locks_after_5_failures" time="6.160" /></testsuite></testsuites>