<?xml version="1.0" encoding="utf-8"?><testsuites name="pytest tests"><testsuite name="pytest" errors="0" failures="0" skipped="0" tests="8" time="2.218" timestamp="2026-07-31T08:01:46.767433+00:00" hostname="agent-env-c98544f4-ff54-4616-a865-64211e67d4ec"><testcase classname="backend.tests.test_iter10_scanner_editor.TestScannerProcess" name="test_process_color_finds_document" time="0.768" /><testcase classname="backend.tests.test_iter10_scanner_editor.TestScannerProcess" name="test_process_bw_mode" time="0.169" /><testcase classname="backend.tests.test_iter10_scanner_editor.TestScannerCreatePdf" name="test_create_pdf_two_pages" time="0.268" /><testcase classname="backend.tests.test_iter10_scanner_editor.TestScannerCreatePdf" name="test_downloads_contains_scan" time="0.132" /><testcase classname="backend.tests.test_iter10_scanner_editor.TestScannerCreatePdf" name="test_download_file_returns_pdf" time="0.106" /><testcase classname="backend.tests.test_iter10_scanner_editor.TestScannerCreatePdf" name="test_cleanup_scan_download" time="0.094" /><testcase classname="backend.tests.test_iter10_scanner_editor.TestEditorVersions" name="test_save_twice_and_list_versions" time="0.450" /><testcase classname="backend.tests.test_iter10_scanner_editor.TestEditorExportPdf" name="test_export_pdf_with_page_setup" time="0.144" /></testsuite></testsuites>