<?xml version="1.0" encoding="utf-8"?><testsuites name="pytest tests"><testsuite name="pytest" errors="0" failures="0" skipped="0" tests="16" time="4.945" timestamp="2026-07-25T06:43:22.365585+00:00" hostname="agent-env-c98544f4-ff54-4616-a865-64211e67d4ec"><testcase classname="tests.test_nda_secure_v5.TestAuth" name="test_alice_login" time="0.367" /><testcase classname="tests.test_nda_secure_v5.TestAuth" name="test_bob_login" time="0.351" /><testcase classname="tests.test_nda_secure_v5.TestVoiceOathText" name="test_anonymous_shape" time="0.135" /><testcase classname="tests.test_nda_secure_v5.TestCreateDocument" name="test_create_with_sender_signature" time="1.252" /><testcase classname="tests.test_nda_secure_v5.TestCreateDocument" name="test_create_without_sender_signature" time="0.133" /><testcase classname="tests.test_nda_secure_v5.TestSenderSign" name="test_sender_can_sign" time="0.239" /><testcase classname="tests.test_nda_secure_v5.TestSenderSign" name="test_receiver_cannot_sender_sign" time="0.098" /><testcase classname="tests.test_nda_secure_v5.TestVoiceOath" name="test_mismatch_returns_200_with_shape" time="0.338" /><testcase classname="tests.test_nda_secure_v5.TestVoiceOath" name="test_voice_attempts_persisted_in_status" time="0.097" /><testcase classname="tests.test_nda_secure_v5.TestVoiceOath" name="test_lock_after_5_attempts" time="1.196" /><testcase classname="tests.test_nda_secure_v5.TestFaceVerify" name="test_reject_too_small_selfie" time="0.097" /><testcase classname="tests.test_nda_secure_v5.TestFaceVerify" name="test_reject_no_face_detected" time="0.182" /><testcase classname="tests.test_nda_secure_v5.TestSecurityArtifacts" name="test_sender_can_read" time="0.096" /><testcase classname="tests.test_nda_secure_v5.TestSecurityArtifacts" name="test_receiver_can_read" time="0.106" /><testcase classname="tests.test_nda_secure_v5.TestSecurityArtifacts" name="test_outsider_forbidden" time="0.100" /><testcase classname="tests.test_nda_secure_v5.TestDocStatus" name="test_status_has_new_fields" time="0.099" /></testsuite></testsuites>