<?xml version="1.0" encoding="utf-8"?><testsuites name="pytest tests"><testsuite name="pytest" errors="0" failures="0" skipped="0" tests="31" time="13.563" timestamp="2026-06-18T17:31:31.124169+00:00" hostname="agent-env-c98544f4-ff54-4616-a865-64211e67d4ec"><testcase classname="tests.test_new_endpoints.TestMagicLink" name="test_magic_request_existing_user" time="0.981" /><testcase classname="tests.test_new_endpoints.TestMagicLink" name="test_magic_request_new_user_autocreates" time="0.269" /><testcase classname="tests.test_new_endpoints.TestMagicLink" name="test_magic_consume_valid" time="0.334" /><testcase classname="tests.test_new_endpoints.TestMagicLink" name="test_magic_consume_invalid_token" time="0.045" /><testcase classname="tests.test_new_endpoints.TestMagicLink" name="test_magic_consume_used_token_rejected" time="0.375" /><testcase classname="tests.test_new_endpoints.TestUpload" name="test_upload_pdf_extracts_text" time="0.134" /><testcase classname="tests.test_new_endpoints.TestUpload" name="test_upload_requires_auth" time="0.098" /><testcase classname="tests.test_new_endpoints.TestDocumentAIFlags" name="test_create_doc_with_patent_and_financial_flags" time="0.152" /><testcase classname="tests.test_new_endpoints.TestFaceVerify" name="test_face_verify_sets_flag_and_audit" time="0.719" /><testcase classname="tests.test_new_endpoints.TestFaceVerify" name="test_face_verify_forbidden_for_sender" time="0.107" /><testcase classname="tests.test_new_endpoints.TestSignedAndAuditPDF" name="test_signed_pdf_header_auth" time="0.101" /><testcase classname="tests.test_new_endpoints.TestSignedAndAuditPDF" name="test_signed_pdf_query_token_not_supported_on_signed" time="0.112" /><testcase classname="tests.test_new_endpoints.TestSignedAndAuditPDF" name="test_audit_pdf_header_auth" time="0.110" /><testcase classname="tests.test_new_endpoints.TestSignedAndAuditPDF" name="test_audit_pdf_query_token" time="0.125" /><testcase classname="tests.test_new_endpoints.TestSignedAndAuditPDF" name="test_signed_pdf_not_signed_returns_400" time="0.208" /><testcase classname="tests.test_new_endpoints.TestSignedAndAuditPDF" name="test_audit_pdf_works_even_when_not_signed" time="0.325" /><testcase classname="tests.test_new_endpoints.TestPrefs" name="test_prefs_dark_mode" time="0.216" /><testcase classname="tests.test_new_endpoints.TestPrefs" name="test_prefs_tier_valid" time="0.099" /><testcase classname="tests.test_new_endpoints.TestPrefs" name="test_prefs_tier_invalid_silently_ignored" time="0.112" /><testcase classname="tests.test_new_endpoints.TestPrefs" name="test_prefs_enterprise" time="0.100" /><testcase classname="tests.test_new_endpoints.TestChat" name="test_chat_plain_message" time="1.130" /><testcase classname="tests.test_new_endpoints.TestChat" name="test_chat_multi_turn_persists" time="1.576" /><testcase classname="tests.test_new_endpoints.TestChat" name="test_chat_with_pdf_context" time="1.661" /><testcase classname="tests.test_new_endpoints.TestChat" name="test_chat_action_json_detected" time="2.595" /><testcase classname="tests.test_new_endpoints.TestChat" name="test_list_chat_sessions" time="0.134" /><testcase classname="tests.test_new_endpoints.TestChat" name="test_get_chat_session_history" time="0.113" /><testcase classname="tests.test_new_endpoints.TestChatAction" name="test_send_pdf_email_to_account_holder_returns_sent_true" time="0.462" /><testcase classname="tests.test_new_endpoints.TestChatAction" name="test_send_pdf_email_to_other_returns_sent_false_gracefully" time="0.426" /><testcase classname="tests.test_new_endpoints.TestChatAction" name="test_send_pdf_email_password_protected" time="0.344" /><testcase classname="tests.test_new_endpoints.TestChatAction" name="test_send_pdf_email_invalid_recipient" time="0.093" /><testcase classname="tests.test_new_endpoints.TestChatAction" name="test_unsupported_action" time="0.134" /></testsuite></testsuites>