<?xml version="1.0" encoding="utf-8"?><testsuites name="pytest tests"><testsuite name="pytest" errors="0" failures="0" skipped="2" tests="82" time="55.857" timestamp="2026-06-18T17:59:06.630413+00:00" hostname="agent-env-c98544f4-ff54-4616-a865-64211e67d4ec"><testcase classname="backend.tests.test_bachein_backend.TestHealth" name="test_health" time="0.154" /><testcase classname="backend.tests.test_bachein_backend.TestHealth" name="test_root" time="0.048" /><testcase classname="backend.tests.test_bachein_backend.TestHealth" name="test_categories" time="0.048" /><testcase classname="backend.tests.test_bachein_backend.TestAuth" name="test_signup_or_login_alice" time="0.331" /><testcase classname="backend.tests.test_bachein_backend.TestAuth" name="test_signup_or_login_bob" time="0.322" /><testcase classname="backend.tests.test_bachein_backend.TestAuth" name="test_login_invalid_password" time="0.272" /><testcase classname="backend.tests.test_bachein_backend.TestAuth" name="test_login_unknown_user" time="0.047" /><testcase classname="backend.tests.test_bachein_backend.TestAuth" name="test_me_without_token" time="0.102" /><testcase classname="backend.tests.test_bachein_backend.TestAuth" name="test_me_with_token" time="0.094" /><testcase classname="backend.tests.test_bachein_backend.TestAuth" name="test_me_with_invalid_token" time="0.101" /><testcase classname="backend.tests.test_bachein_backend.TestAuth" name="test_signup_duplicate" time="0.053" /><testcase classname="backend.tests.test_bachein_backend.TestAI" name="test_generate_requires_auth" time="0.049" /><testcase classname="backend.tests.test_bachein_backend.TestAI" name="test_generate_returns_structured" time="9.215" /><testcase classname="backend.tests.test_bachein_backend.TestAI" name="test_review_requires_auth" time="0.058" /><testcase classname="backend.tests.test_bachein_backend.TestAI" name="test_review_returns_sections" time="20.603" /><testcase classname="backend.tests.test_bachein_backend.TestDocumentsFlow" name="test_create_secure_document" time="0.164" /><testcase classname="backend.tests.test_bachein_backend.TestDocumentsFlow" name="test_create_normal_draft_document" time="0.103" /><testcase classname="backend.tests.test_bachein_backend.TestDocumentsFlow" name="test_list_sent_alice" time="0.126" /><testcase classname="backend.tests.test_bachein_backend.TestDocumentsFlow" name="test_list_received_bob" time="0.102" /><testcase classname="backend.tests.test_bachein_backend.TestDocumentsFlow" name="test_get_document_marks_opened" time="0.095" /><testcase classname="backend.tests.test_bachein_backend.TestDocumentsFlow" name="test_get_document_forbidden_for_3rd_party" time="0.379" /><testcase classname="backend.tests.test_bachein_backend.TestDocumentsFlow" name="test_sign_blocked_without_otp" time="0.096" /><testcase classname="backend.tests.test_bachein_backend.TestDocumentsFlow" name="test_send_otp" time="0.105" /><testcase classname="backend.tests.test_bachein_backend.TestDocumentsFlow" name="test_verify_otp_wrong" time="0.098" /><testcase classname="backend.tests.test_bachein_backend.TestDocumentsFlow" name="test_verify_otp_correct" time="0.107" /><testcase classname="backend.tests.test_bachein_backend.TestDocumentsFlow" name="test_sign_blocked_without_voice" time="0.000"><skipped type="pytest.skip" message="V3: voice_oath disabled in fixture; gating still works (see server.py:898-901)">/app/backend/tests/test_bachein_backend.py:309: V3: voice_oath disabled in fixture; gating still works (see server.py:898-901)</skipped></testcase><testcase classname="backend.tests.test_bachein_backend.TestDocumentsFlow" name="test_voice_oath" time="0.000"><skipped type="pytest.skip" message="V3: voice_oath disabled in fixture; covered by test_v3_endpoints">/app/backend/tests/test_bachein_backend.py:314: V3: voice_oath disabled in fixture; covered by test_v3_endpoints</skipped></testcase><testcase classname="backend.tests.test_bachein_backend.TestDocumentsFlow" name="test_read_progress" time="0.218" /><testcase classname="backend.tests.test_bachein_backend.TestDocumentsFlow" name="test_sign_success" time="0.102" /><testcase classname="backend.tests.test_bachein_backend.TestDocumentsFlow" name="test_status_after_sign" time="0.101" /><testcase classname="backend.tests.test_bachein_backend.TestDocumentsFlow" name="test_vault_alice_sees_signed" time="0.100" /><testcase classname="backend.tests.test_bachein_backend.TestDocumentsFlow" name="test_vault_bob_sees_received" time="0.116" /><testcase classname="backend.tests.test_bachein_backend.TestDocumentsFlow" name="test_send_otp_forbidden_for_sender" time="0.102" /><testcase classname="backend.tests.test_bachein_backend.TestDocumentsFlow" name="test_get_unknown_document" time="0.093" /><testcase classname="backend.tests.test_new_endpoints.TestMagicLink" name="test_magic_request_existing_user" time="0.882" /><testcase classname="backend.tests.test_new_endpoints.TestMagicLink" name="test_magic_request_new_user_autocreates" time="0.274" /><testcase classname="backend.tests.test_new_endpoints.TestMagicLink" name="test_magic_consume_valid" time="0.342" /><testcase classname="backend.tests.test_new_endpoints.TestMagicLink" name="test_magic_consume_invalid_token" time="0.048" /><testcase classname="backend.tests.test_new_endpoints.TestMagicLink" name="test_magic_consume_used_token_rejected" time="1.048" /><testcase classname="backend.tests.test_new_endpoints.TestUpload" name="test_upload_pdf_extracts_text" time="0.110" /><testcase classname="backend.tests.test_new_endpoints.TestUpload" name="test_upload_requires_auth" time="0.101" /><testcase classname="backend.tests.test_new_endpoints.TestDocumentAIFlags" name="test_create_doc_with_patent_and_financial_flags" time="0.128" /><testcase classname="backend.tests.test_new_endpoints.TestFaceVerify" name="test_face_verify_sets_flag_and_audit" time="1.845" /><testcase classname="backend.tests.test_new_endpoints.TestFaceVerify" name="test_face_verify_forbidden_for_sender" time="0.097" /><testcase classname="backend.tests.test_new_endpoints.TestSignedAndAuditPDF" name="test_signed_pdf_header_auth" time="0.104" /><testcase classname="backend.tests.test_new_endpoints.TestSignedAndAuditPDF" name="test_signed_pdf_query_token_not_supported_on_signed" time="0.098" /><testcase classname="backend.tests.test_new_endpoints.TestSignedAndAuditPDF" name="test_audit_pdf_header_auth" time="0.115" /><testcase classname="backend.tests.test_new_endpoints.TestSignedAndAuditPDF" name="test_audit_pdf_query_token" time="0.112" /><testcase classname="backend.tests.test_new_endpoints.TestSignedAndAuditPDF" name="test_signed_pdf_not_signed_returns_400" time="0.215" /><testcase classname="backend.tests.test_new_endpoints.TestSignedAndAuditPDF" name="test_audit_pdf_works_even_when_not_signed" time="0.229" /><testcase classname="backend.tests.test_new_endpoints.TestPrefs" name="test_prefs_dark_mode" time="0.184" /><testcase classname="backend.tests.test_new_endpoints.TestPrefs" name="test_prefs_tier_valid" time="0.108" /><testcase classname="backend.tests.test_new_endpoints.TestPrefs" name="test_prefs_tier_invalid_silently_ignored" time="0.121" /><testcase classname="backend.tests.test_new_endpoints.TestPrefs" name="test_prefs_enterprise" time="0.114" /><testcase classname="backend.tests.test_new_endpoints.TestChat" name="test_chat_plain_message" time="1.263" /><testcase classname="backend.tests.test_new_endpoints.TestChat" name="test_chat_multi_turn_persists" time="1.408" /><testcase classname="backend.tests.test_new_endpoints.TestChat" name="test_chat_with_pdf_context" time="2.919" /><testcase classname="backend.tests.test_new_endpoints.TestChat" name="test_chat_action_json_detected" time="2.134" /><testcase classname="backend.tests.test_new_endpoints.TestChat" name="test_list_chat_sessions" time="0.131" /><testcase classname="backend.tests.test_new_endpoints.TestChat" name="test_get_chat_session_history" time="0.117" /><testcase classname="backend.tests.test_new_endpoints.TestChatAction" name="test_send_pdf_email_to_account_holder_returns_sent_true" time="0.322" /><testcase classname="backend.tests.test_new_endpoints.TestChatAction" name="test_send_pdf_email_to_other_returns_sent_false_gracefully" time="0.316" /><testcase classname="backend.tests.test_new_endpoints.TestChatAction" name="test_send_pdf_email_password_protected" time="0.395" /><testcase classname="backend.tests.test_new_endpoints.TestChatAction" name="test_send_pdf_email_invalid_recipient" time="0.100" /><testcase classname="backend.tests.test_new_endpoints.TestChatAction" name="test_unsupported_action" time="0.109" /><testcase classname="backend.tests.test_v3_endpoints.TestGoogleAuth" name="test_invalid_session_returns_401" time="0.519" /><testcase classname="backend.tests.test_v3_endpoints.TestFaceEnroll" name="test_face_status_initially_false_or_true" time="0.432" /><testcase classname="backend.tests.test_v3_endpoints.TestFaceEnroll" name="test_enroll_rejects_no_face" time="0.106" /><testcase classname="backend.tests.test_v3_endpoints.TestFaceEnroll" name="test_enroll_accepts_face_and_status_becomes_true" time="1.731" /><testcase classname="backend.tests.test_v3_endpoints.TestSecureRecipientRequired" name="test_secure_without_recipient_returns_400" time="0.094" /><testcase classname="backend.tests.test_v3_endpoints.TestSecureRecipientRequired" name="test_normal_without_recipient_ok" time="0.096" /><testcase classname="backend.tests.test_v3_endpoints.TestSecureRecipientRequired" name="test_secure_with_recipient_ok" time="0.105" /><testcase classname="backend.tests.test_v3_endpoints.TestFaceVerifyReal" name="test_face_verify_rejects_no_face" time="0.567" /><testcase classname="backend.tests.test_v3_endpoints.TestFaceVerifyReal" name="test_face_verify_with_real_face" time="0.668" /><testcase classname="backend.tests.test_v3_endpoints.TestVoiceOathReal" name="test_voice_oath_garbage_audio_rejected" time="0.816" /><testcase classname="backend.tests.test_v3_endpoints.TestFileToolsFormats" name="test_formats_returns_lists" time="0.096" /><testcase classname="backend.tests.test_v3_endpoints.TestCompressImage" name="test_compress_image_returns_jpeg_and_smaller" time="0.263" /><testcase classname="backend.tests.test_v3_endpoints.TestCompressPDF" name="test_compress_pdf_returns_pdf" time="0.103" /><testcase classname="backend.tests.test_v3_endpoints.TestConvert" name="test_docx_to_pdf" time="0.133" /><testcase classname="backend.tests.test_v3_endpoints.TestConvert" name="test_txt_to_pdf" time="0.114" /><testcase classname="backend.tests.test_v3_endpoints.TestConvert" name="test_image_to_pdf" time="0.167" /><testcase classname="backend.tests.test_v3_endpoints.TestConvert" name="test_pdf_to_docx_uses_pdf2docx" time="0.257" /></testsuite></testsuites>