<?xml version="1.0" encoding="utf-8"?><testsuites name="pytest tests"><testsuite name="pytest" errors="0" failures="0" skipped="0" tests="65" time="46.553" timestamp="2026-06-18T17:32:45.934877+00:00" hostname="agent-env-c98544f4-ff54-4616-a865-64211e67d4ec"><testcase classname="tests.test_bachein_backend.TestHealth" name="test_health" time="0.241" /><testcase classname="tests.test_bachein_backend.TestHealth" name="test_root" time="0.060" /><testcase classname="tests.test_bachein_backend.TestHealth" name="test_categories" time="0.064" /><testcase classname="tests.test_bachein_backend.TestAuth" name="test_signup_or_login_alice" time="0.343" /><testcase classname="tests.test_bachein_backend.TestAuth" name="test_signup_or_login_bob" time="0.334" /><testcase classname="tests.test_bachein_backend.TestAuth" name="test_login_invalid_password" time="0.270" /><testcase classname="tests.test_bachein_backend.TestAuth" name="test_login_unknown_user" time="0.065" /><testcase classname="tests.test_bachein_backend.TestAuth" name="test_me_without_token" time="0.117" /><testcase classname="tests.test_bachein_backend.TestAuth" name="test_me_with_token" time="0.116" /><testcase classname="tests.test_bachein_backend.TestAuth" name="test_me_with_invalid_token" time="0.118" /><testcase classname="tests.test_bachein_backend.TestAuth" name="test_signup_duplicate" time="0.054" /><testcase classname="tests.test_bachein_backend.TestAI" name="test_generate_requires_auth" time="0.051" /><testcase classname="tests.test_bachein_backend.TestAI" name="test_generate_returns_structured" time="7.074" /><testcase classname="tests.test_bachein_backend.TestAI" name="test_review_requires_auth" time="0.049" /><testcase classname="tests.test_bachein_backend.TestAI" name="test_review_returns_sections" time="20.729" /><testcase classname="tests.test_bachein_backend.TestDocumentsFlow" name="test_create_secure_document" time="0.130" /><testcase classname="tests.test_bachein_backend.TestDocumentsFlow" name="test_create_normal_draft_document" time="0.115" /><testcase classname="tests.test_bachein_backend.TestDocumentsFlow" name="test_list_sent_alice" time="0.111" /><testcase classname="tests.test_bachein_backend.TestDocumentsFlow" name="test_list_received_bob" time="0.143" /><testcase classname="tests.test_bachein_backend.TestDocumentsFlow" name="test_get_document_marks_opened" time="0.105" /><testcase classname="tests.test_bachein_backend.TestDocumentsFlow" name="test_get_document_forbidden_for_3rd_party" time="0.381" /><testcase classname="tests.test_bachein_backend.TestDocumentsFlow" name="test_sign_blocked_without_otp" time="0.114" /><testcase classname="tests.test_bachein_backend.TestDocumentsFlow" name="test_send_otp" time="0.094" /><testcase classname="tests.test_bachein_backend.TestDocumentsFlow" name="test_verify_otp_wrong" time="0.108" /><testcase classname="tests.test_bachein_backend.TestDocumentsFlow" name="test_verify_otp_correct" time="0.128" /><testcase classname="tests.test_bachein_backend.TestDocumentsFlow" name="test_sign_blocked_without_voice" time="0.117" /><testcase classname="tests.test_bachein_backend.TestDocumentsFlow" name="test_voice_oath" time="0.106" /><testcase classname="tests.test_bachein_backend.TestDocumentsFlow" name="test_read_progress" time="0.268" /><testcase classname="tests.test_bachein_backend.TestDocumentsFlow" name="test_sign_success" time="0.101" /><testcase classname="tests.test_bachein_backend.TestDocumentsFlow" name="test_status_after_sign" time="0.102" /><testcase classname="tests.test_bachein_backend.TestDocumentsFlow" name="test_vault_alice_sees_signed" time="0.145" /><testcase classname="tests.test_bachein_backend.TestDocumentsFlow" name="test_vault_bob_sees_received" time="0.105" /><testcase classname="tests.test_bachein_backend.TestDocumentsFlow" name="test_send_otp_forbidden_for_sender" time="0.111" /><testcase classname="tests.test_bachein_backend.TestDocumentsFlow" name="test_get_unknown_document" time="0.110" /><testcase classname="tests.test_new_endpoints.TestMagicLink" name="test_magic_request_existing_user" time="0.721" /><testcase classname="tests.test_new_endpoints.TestMagicLink" name="test_magic_request_new_user_autocreates" time="0.283" /><testcase classname="tests.test_new_endpoints.TestMagicLink" name="test_magic_consume_valid" time="0.344" /><testcase classname="tests.test_new_endpoints.TestMagicLink" name="test_magic_consume_invalid_token" time="0.053" /><testcase classname="tests.test_new_endpoints.TestMagicLink" name="test_magic_consume_used_token_rejected" time="0.397" /><testcase classname="tests.test_new_endpoints.TestUpload" name="test_upload_pdf_extracts_text" time="0.105" /><testcase classname="tests.test_new_endpoints.TestUpload" name="test_upload_requires_auth" time="0.118" /><testcase classname="tests.test_new_endpoints.TestDocumentAIFlags" name="test_create_doc_with_patent_and_financial_flags" time="0.102" /><testcase classname="tests.test_new_endpoints.TestFaceVerify" name="test_face_verify_sets_flag_and_audit" time="0.656" /><testcase classname="tests.test_new_endpoints.TestFaceVerify" name="test_face_verify_forbidden_for_sender" time="0.119" /><testcase classname="tests.test_new_endpoints.TestSignedAndAuditPDF" name="test_signed_pdf_header_auth" time="0.111" /><testcase classname="tests.test_new_endpoints.TestSignedAndAuditPDF" name="test_signed_pdf_query_token_not_supported_on_signed" time="0.101" /><testcase classname="tests.test_new_endpoints.TestSignedAndAuditPDF" name="test_audit_pdf_header_auth" time="0.125" /><testcase classname="tests.test_new_endpoints.TestSignedAndAuditPDF" name="test_audit_pdf_query_token" time="0.108" /><testcase classname="tests.test_new_endpoints.TestSignedAndAuditPDF" name="test_signed_pdf_not_signed_returns_400" time="0.192" /><testcase classname="tests.test_new_endpoints.TestSignedAndAuditPDF" name="test_audit_pdf_works_even_when_not_signed" time="0.209" /><testcase classname="tests.test_new_endpoints.TestPrefs" name="test_prefs_dark_mode" time="0.209" /><testcase classname="tests.test_new_endpoints.TestPrefs" name="test_prefs_tier_valid" time="0.118" /><testcase classname="tests.test_new_endpoints.TestPrefs" name="test_prefs_tier_invalid_silently_ignored" time="0.126" /><testcase classname="tests.test_new_endpoints.TestPrefs" name="test_prefs_enterprise" time="0.115" /><testcase classname="tests.test_new_endpoints.TestChat" name="test_chat_plain_message" time="1.688" /><testcase classname="tests.test_new_endpoints.TestChat" name="test_chat_multi_turn_persists" time="1.851" /><testcase classname="tests.test_new_endpoints.TestChat" name="test_chat_with_pdf_context" time="1.882" /><testcase classname="tests.test_new_endpoints.TestChat" name="test_chat_action_json_detected" time="2.969" /><testcase classname="tests.test_new_endpoints.TestChat" name="test_list_chat_sessions" time="0.097" /><testcase classname="tests.test_new_endpoints.TestChat" name="test_get_chat_session_history" time="0.101" /><testcase classname="tests.test_new_endpoints.TestChatAction" name="test_send_pdf_email_to_account_holder_returns_sent_true" time="0.358" /><testcase classname="tests.test_new_endpoints.TestChatAction" name="test_send_pdf_email_to_other_returns_sent_false_gracefully" time="0.267" /><testcase classname="tests.test_new_endpoints.TestChatAction" name="test_send_pdf_email_password_protected" time="0.354" /><testcase classname="tests.test_new_endpoints.TestChatAction" name="test_send_pdf_email_invalid_recipient" time="0.101" /><testcase classname="tests.test_new_endpoints.TestChatAction" name="test_unsupported_action" time="0.107" /></testsuite></testsuites>