<?xml version="1.0" encoding="utf-8"?><testsuites name="pytest tests"><testsuite name="pytest" errors="0" failures="0" skipped="0" tests="17" time="6.066" timestamp="2026-06-18T17:54:09.743002+00:00" hostname="agent-env-c98544f4-ff54-4616-a865-64211e67d4ec"><testcase classname="backend.tests.test_v3_endpoints.TestGoogleAuth" name="test_invalid_session_returns_401" time="0.353" /><testcase classname="backend.tests.test_v3_endpoints.TestFaceEnroll" name="test_face_status_initially_false_or_true" time="0.428" /><testcase classname="backend.tests.test_v3_endpoints.TestFaceEnroll" name="test_enroll_rejects_no_face" time="0.144" /><testcase classname="backend.tests.test_v3_endpoints.TestFaceEnroll" name="test_enroll_accepts_face_and_status_becomes_true" time="1.413" /><testcase classname="backend.tests.test_v3_endpoints.TestSecureRecipientRequired" name="test_secure_without_recipient_returns_400" time="0.097" /><testcase classname="backend.tests.test_v3_endpoints.TestSecureRecipientRequired" name="test_normal_without_recipient_ok" time="0.105" /><testcase classname="backend.tests.test_v3_endpoints.TestSecureRecipientRequired" name="test_secure_with_recipient_ok" time="0.107" /><testcase classname="backend.tests.test_v3_endpoints.TestFaceVerifyReal" name="test_face_verify_rejects_no_face" time="0.563" /><testcase classname="backend.tests.test_v3_endpoints.TestFaceVerifyReal" name="test_face_verify_with_real_face" time="0.634" /><testcase classname="backend.tests.test_v3_endpoints.TestVoiceOathReal" name="test_voice_oath_garbage_audio_rejected" time="0.730" /><testcase classname="backend.tests.test_v3_endpoints.TestFileToolsFormats" name="test_formats_returns_lists" time="0.108" /><testcase classname="backend.tests.test_v3_endpoints.TestCompressImage" name="test_compress_image_returns_jpeg_and_smaller" time="0.303" /><testcase classname="backend.tests.test_v3_endpoints.TestCompressPDF" name="test_compress_pdf_returns_pdf" time="0.112" /><testcase classname="backend.tests.test_v3_endpoints.TestConvert" name="test_docx_to_pdf" time="0.162" /><testcase classname="backend.tests.test_v3_endpoints.TestConvert" name="test_txt_to_pdf" time="0.116" /><testcase classname="backend.tests.test_v3_endpoints.TestConvert" name="test_image_to_pdf" time="0.152" /><testcase classname="backend.tests.test_v3_endpoints.TestConvert" name="test_pdf_to_docx_uses_pdf2docx" time="0.279" /></testsuite></testsuites>